src/app/build/intermediates/manifest_merge_blame_file/debug/manifest-merger-blame-debug-report.txt
1<?xml version="1.0" encoding="utf-8"?>
2<manifest xmlns:android="http://schemas.android.com/apk/res/android"
3    package="io.github.devhyper.openvideoeditor.debug"
4    android:versionCode="25"
5    android:versionName="1.3.1" >
6
7    <uses-sdk
8        android:minSdkVersion="26"
9        android:targetSdkVersion="34" />
10
11    <uses-permission
11-->src/main/AndroidManifest.xml:12:5-14:38
12        android:name="android.permission.READ_EXTERNAL_STORAGE"
12-->src/main/AndroidManifest.xml:13:9-64
13        android:maxSdkVersion="32" />
13-->src/main/AndroidManifest.xml:14:9-35
14    <uses-permission android:name="android.permission.READ_MEDIA_VIDEO" />
14-->src/main/AndroidManifest.xml:15:5-75
14-->src/main/AndroidManifest.xml:15:22-72
15
16    <permission
16-->[androidx.core:core:1.13.1] AndroidManifest.xml:22:5-24:47
17        android:name="io.github.devhyper.openvideoeditor.debug.DYNAMIC_RECEIVER_NOT_EXPORTED_PERMISSION"
17-->[androidx.core:core:1.13.1] AndroidManifest.xml:23:9-81
18        android:protectionLevel="signature" />
18-->[androidx.core:core:1.13.1] AndroidManifest.xml:24:9-44
19
20    <application
20-->src/main/AndroidManifest.xml:17:5-74:19
21        android:allowBackup="false"
21-->src/main/AndroidManifest.xml:18:9-36
22        android:appComponentFactory="androidx.core.app.CoreComponentFactory"
22-->[androidx.core:core:1.13.1] AndroidManifest.xml:28:18-86
23        android:dataExtractionRules="@xml/data_extraction_rules"
23-->src/main/AndroidManifest.xml:19:9-65
24        android:debuggable="true"
25        android:extractNativeLibs="false"
26        android:fullBackupContent="@xml/backup_rules"
26-->src/main/AndroidManifest.xml:20:9-54
27        android:icon="@mipmap/ic_launcher"
27-->src/main/AndroidManifest.xml:21:9-43
28        android:label="@string/app_name"
28-->src/main/AndroidManifest.xml:22:9-41
29        android:localeConfig="@xml/_generated_res_locale_config"
30        android:supportsRtl="true"
30-->src/main/AndroidManifest.xml:23:9-35
31        android:theme="@android:style/Theme.DeviceDefault.DayNight" >
31-->src/main/AndroidManifest.xml:24:9-68
32        <activity
32-->src/main/AndroidManifest.xml:26:9-34:20
33            android:name="io.github.devhyper.openvideoeditor.main.MainActivity"
33-->src/main/AndroidManifest.xml:27:13-46
34            android:exported="true" >
34-->src/main/AndroidManifest.xml:28:13-36
35            <intent-filter>
35-->src/main/AndroidManifest.xml:29:13-33:29
36                <action android:name="android.intent.action.MAIN" />
36-->src/main/AndroidManifest.xml:30:17-69
36-->src/main/AndroidManifest.xml:30:25-66
37
38                <category android:name="android.intent.category.LAUNCHER" />
38-->src/main/AndroidManifest.xml:32:17-77
38-->src/main/AndroidManifest.xml:32:27-74
39            </intent-filter>
40        </activity>
41        <activity
41-->src/main/AndroidManifest.xml:35:9-37:40
42            android:name="io.github.devhyper.openvideoeditor.settings.SettingsActivity"
42-->src/main/AndroidManifest.xml:36:13-54
43            android:exported="false" />
43-->src/main/AndroidManifest.xml:37:13-37
44        <activity
44-->src/main/AndroidManifest.xml:38:9-73:20
45            android:name="io.github.devhyper.openvideoeditor.videoeditor.VideoEditorActivity"
45-->src/main/AndroidManifest.xml:39:13-60
46            android:exported="true" >
46-->src/main/AndroidManifest.xml:40:13-36
47            <intent-filter>
47-->src/main/AndroidManifest.xml:41:13-47:29
48                <action android:name="android.intent.action.EDIT" />
48-->src/main/AndroidManifest.xml:42:17-69
48-->src/main/AndroidManifest.xml:42:25-66
49
50                <category android:name="android.intent.category.DEFAULT" />
50-->src/main/AndroidManifest.xml:44:17-76
50-->src/main/AndroidManifest.xml:44:27-73
51
52                <data android:mimeType="video/*" />
52-->src/main/AndroidManifest.xml:46:17-52
52-->src/main/AndroidManifest.xml:46:23-49
53            </intent-filter>
54            <intent-filter>
54-->src/main/AndroidManifest.xml:48:13-56:29
55                <action android:name="android.intent.action.EDIT" />
55-->src/main/AndroidManifest.xml:42:17-69
55-->src/main/AndroidManifest.xml:42:25-66
56
57                <category android:name="android.intent.category.DEFAULT" />
57-->src/main/AndroidManifest.xml:44:17-76
57-->src/main/AndroidManifest.xml:44:27-73
58
59                <!-- Ensure these match values set in constants file -->
60                <data android:mimeType="application/octet-stream" />
60-->src/main/AndroidManifest.xml:46:17-52
60-->src/main/AndroidManifest.xml:46:23-49
61                <data android:pathPattern=".*\\.ove" />
61-->src/main/AndroidManifest.xml:46:17-52
61-->src/main/AndroidManifest.xml:55:23-53
62            </intent-filter>
63            <intent-filter>
63-->src/main/AndroidManifest.xml:57:13-63:29
64                <action android:name="android.intent.action.SEND" />
64-->src/main/AndroidManifest.xml:58:17-69
64-->src/main/AndroidManifest.xml:58:25-66
65
66                <category android:name="android.intent.category.DEFAULT" />
66-->src/main/AndroidManifest.xml:44:17-76
66-->src/main/AndroidManifest.xml:44:27-73
67
68                <data android:mimeType="video/*" />
68-->src/main/AndroidManifest.xml:46:17-52
68-->src/main/AndroidManifest.xml:46:23-49
69            </intent-filter>
70            <intent-filter>
70-->src/main/AndroidManifest.xml:64:13-72:29
71                <action android:name="android.intent.action.VIEW" />
71-->src/main/AndroidManifest.xml:65:17-69
71-->src/main/AndroidManifest.xml:65:25-66
72
73                <category android:name="android.intent.category.DEFAULT" />
73-->src/main/AndroidManifest.xml:44:17-76
73-->src/main/AndroidManifest.xml:44:27-73
74
75                <data android:mimeType="video/*" />
75-->src/main/AndroidManifest.xml:46:17-52
75-->src/main/AndroidManifest.xml:46:23-49
76                <data android:scheme="content" />
76-->src/main/AndroidManifest.xml:46:17-52
76-->src/main/AndroidManifest.xml:70:23-47
77                <data android:scheme="file" />
77-->src/main/AndroidManifest.xml:46:17-52
77-->src/main/AndroidManifest.xml:70:23-47
78            </intent-filter>
79        </activity>
80
81        <provider
81-->[androidx.emoji2:emoji2:1.3.0] AndroidManifest.xml:24:9-32:20
82            android:name="androidx.startup.InitializationProvider"
82-->[androidx.emoji2:emoji2:1.3.0] AndroidManifest.xml:25:13-67
83            android:authorities="io.github.devhyper.openvideoeditor.debug.androidx-startup"
83-->[androidx.emoji2:emoji2:1.3.0] AndroidManifest.xml:26:13-68
84            android:exported="false" >
84-->[androidx.emoji2:emoji2:1.3.0] AndroidManifest.xml:27:13-37
85            <meta-data
85-->[androidx.emoji2:emoji2:1.3.0] AndroidManifest.xml:29:13-31:52
86                android:name="androidx.emoji2.text.EmojiCompatInitializer"
86-->[androidx.emoji2:emoji2:1.3.0] AndroidManifest.xml:30:17-75
87                android:value="androidx.startup" />
87-->[androidx.emoji2:emoji2:1.3.0] AndroidManifest.xml:31:17-49
88            <meta-data
88-->[androidx.lifecycle:lifecycle-process:2.8.4] AndroidManifest.xml:29:13-31:52
89                android:name="androidx.lifecycle.ProcessLifecycleInitializer"
89-->[androidx.lifecycle:lifecycle-process:2.8.4] AndroidManifest.xml:30:17-78
90                android:value="androidx.startup" />
90-->[androidx.lifecycle:lifecycle-process:2.8.4] AndroidManifest.xml:31:17-49
91            <meta-data
91-->[androidx.profileinstaller:profileinstaller:1.3.1] AndroidManifest.xml:29:13-31:52
92                android:name="androidx.profileinstaller.ProfileInstallerInitializer"
92-->[androidx.profileinstaller:profileinstaller:1.3.1] AndroidManifest.xml:30:17-85
93                android:value="androidx.startup" />
93-->[androidx.profileinstaller:profileinstaller:1.3.1] AndroidManifest.xml:31:17-49
94        </provider>
95
96        <activity
96-->[androidx.compose.ui:ui-test-manifest:1.6.8] AndroidManifest.xml:23:9-25:39
97            android:name="androidx.activity.ComponentActivity"
97-->[androidx.compose.ui:ui-test-manifest:1.6.8] AndroidManifest.xml:24:13-63
98            android:exported="true" />
98-->[androidx.compose.ui:ui-test-manifest:1.6.8] AndroidManifest.xml:25:13-36
99        <activity
99-->[androidx.compose.ui:ui-tooling-android:1.6.8] AndroidManifest.xml:23:9-25:39
100            android:name="androidx.compose.ui.tooling.PreviewActivity"
100-->[androidx.compose.ui:ui-tooling-android:1.6.8] AndroidManifest.xml:24:13-71
101            android:exported="true" />
101-->[androidx.compose.ui:ui-tooling-android:1.6.8] AndroidManifest.xml:25:13-36
102
103        <receiver
103-->[androidx.profileinstaller:profileinstaller:1.3.1] AndroidManifest.xml:34:9-52:20
104            android:name="androidx.profileinstaller.ProfileInstallReceiver"
104-->[androidx.profileinstaller:profileinstaller:1.3.1] AndroidManifest.xml:35:13-76
105            android:directBootAware="false"
105-->[androidx.profileinstaller:profileinstaller:1.3.1] AndroidManifest.xml:36:13-44
106            android:enabled="true"
106-->[androidx.profileinstaller:profileinstaller:1.3.1] AndroidManifest.xml:37:13-35
107            android:exported="true"
107-->[androidx.profileinstaller:profileinstaller:1.3.1] AndroidManifest.xml:38:13-36
108            android:permission="android.permission.DUMP" >
108-->[androidx.profileinstaller:profileinstaller:1.3.1] AndroidManifest.xml:39:13-57
109            <intent-filter>
109-->[androidx.profileinstaller:profileinstaller:1.3.1] AndroidManifest.xml:40:13-42:29
110                <action android:name="androidx.profileinstaller.action.INSTALL_PROFILE" />
110-->[androidx.profileinstaller:profileinstaller:1.3.1] AndroidManifest.xml:41:17-91
110-->[androidx.profileinstaller:profileinstaller:1.3.1] AndroidManifest.xml:41:25-88
111            </intent-filter>
112            <intent-filter>
112-->[androidx.profileinstaller:profileinstaller:1.3.1] AndroidManifest.xml:43:13-45:29
113                <action android:name="androidx.profileinstaller.action.SKIP_FILE" />
113-->[androidx.profileinstaller:profileinstaller:1.3.1] AndroidManifest.xml:44:17-85
113-->[androidx.profileinstaller:profileinstaller:1.3.1] AndroidManifest.xml:44:25-82
114            </intent-filter>
115            <intent-filter>
115-->[androidx.profileinstaller:profileinstaller:1.3.1] AndroidManifest.xml:46:13-48:29
116                <action android:name="androidx.profileinstaller.action.SAVE_PROFILE" />
116-->[androidx.profileinstaller:profileinstaller:1.3.1] AndroidManifest.xml:47:17-88
116-->[androidx.profileinstaller:profileinstaller:1.3.1] AndroidManifest.xml:47:25-85
117            </intent-filter>
118            <intent-filter>
118-->[androidx.profileinstaller:profileinstaller:1.3.1] AndroidManifest.xml:49:13-51:29
119                <action android:name="androidx.profileinstaller.action.BENCHMARK_OPERATION" />
119-->[androidx.profileinstaller:profileinstaller:1.3.1] AndroidManifest.xml:50:17-95
119-->[androidx.profileinstaller:profileinstaller:1.3.1] AndroidManifest.xml:50:25-92
120            </intent-filter>
121        </receiver>
122    </application>
123
124</manifest>